<?xml version="1.0" encoding="UTF-8"?>
<!-- Generated by org.testng.reporters.JUnitXMLReporter -->
<testsuite ignored="0" hostname="LTRSELVANAMBI-IDC" failures="1" tests="3" name="Test" time="49.49" errors="0" timestamp="2023-05-19T18:19:00 IST">
  <testcase classname="com.Argano.testcases.AmazonServices" name="ErrorTextvalidation" time="1.068">
    <failure type="java.lang.AssertionError" message="expected [Enter your email or mobile phone numbers update] but found [Enter your email or mobile phone number]">
      <![CDATA[java.lang.AssertionError: expected [Enter your email or mobile phone numbers update] but found [Enter your email or mobile phone number]
at com.Argano.testcases.AmazonServices.ErrorTextvalidation(AmazonServices.java:46)
at java.base/java.util.ArrayList.forEach(ArrayList.java:1511)
... Removed 31 stack frames]]>
    </failure>
  </testcase> <!-- ErrorTextvalidation -->
  <testcase classname="com.Argano.testcases.AmazonServices" name="SearchProductAndAddtoCart" time="17.753"/>
  <testcase classname="com.Argano.testcases.AmazonServices" name="SearchProductAndAddtoCart" time="17.134"/>
</testsuite> <!-- Test -->
