<?xml version="1.0" encoding="UTF-8"?>
<testsuite xmlns:xsi="http://www.w3.org/2001/XMLSchema-instance" xsi:noNamespaceSchemaLocation="https://maven.apache.org/surefire/maven-surefire-plugin/xsd/surefire-test-report.xsd" name="TestSuite" time="45.553" tests="3" errors="0" skipped="0" failures="1">
  <properties>
[...]
</properties>
  <testcase name="ErrorTextvalidation" classname="com.Argano.testcases.AmazonServices" time="1.16">
    <failure message="expected [Enter your email or mobile phone numbers update] but found [Enter your email or mobile phone number]" type="java.lang.AssertionError">java.lang.AssertionError: expected [Enter your email or mobile phone numbers update] but found [Enter your email or mobile phone number]
	at com.Argano.testcases.AmazonServices.ErrorTextvalidation(AmazonServices.java:46)
</failure>
    <system-err><![CDATA[SLF4J: No SLF4J providers were found.
SLF4J: Defaulting to no-operation (NOP) logger implementation
SLF4J: See https://www.slf4j.org/codes.html#noProviders for further details.
Starting Microsoft Edge WebDriver 114.0.1823.37 (7a86dd8802e2a86c86ca4a811c964afa735031d4) on port 37615
To submit feedback, report a bug, or suggest new features, please visit https://github.com/MicrosoftEdge/EdgeWebDriver

Only local connections are allowed.
Please see https://aka.ms/WebDriverSecurity for suggestions on keeping Microsoft Edge WebDriver safe.

Microsoft Edge WebDriver was started successfully.
Jun 07, 2023 3:42:39 PM org.openqa.selenium.remote.ProtocolHandshake createSession
INFO: Detected dialect: W3C
]]></system-err>
  </testcase>
  <testcase name="SearchProductAndAddtoCart" classname="com.Argano.testcases.AmazonServices" time="17.745"/>
  <testcase name="SearchProductAndAddtoCart" classname="com.Argano.testcases.AmazonServices" time="15.359"/>
</testsuite>