<?xml version="1.0" encoding="UTF-8"?>
<testng-results ignored="0" total="3" passed="2" failed="1" skipped="0">
  <reporter-output>
  </reporter-output>
  <suite started-at="2023-06-07T15:42:36 IST" name="Suite" finished-at="2023-06-07T15:43:20 IST" duration-ms="43862">
    <groups>
    </groups>
    <test started-at="2023-06-07T15:42:36 IST" name="Test" finished-at="2023-06-07T15:43:20 IST" duration-ms="43862">
      <class name="com.Argano.testcases.AmazonServices">
        <test-method is-config="true" signature="setUp([Ljava.lang.Object;)[pri:0, instance:com.Argano.testcases.AmazonServices@2f7298b]" started-at="2023-06-07T15:42:37 IST" name="setUp" finished-at="2023-06-07T15:42:40 IST" duration-ms="3458" status="PASS">
          <params>
            <param index="0">
              <value>
                <![CDATA[[Ljava.lang.Object;@48cd319d]]>
              </value>
            </param>
          </params>
          <reporter-output>
          </reporter-output>
        </test-method> <!-- setUp -->
        <test-method signature="ErrorTextvalidation(java.util.Map)[pri:0, instance:com.Argano.testcases.AmazonServices@2f7298b]" started-at="2023-06-07T15:42:40 IST" name="ErrorTextvalidation" description="testing validtaion messages" data-provider="getData" finished-at="2023-06-07T15:42:41 IST" duration-ms="969" status="FAIL">
          <params>
            <param index="0">
              <value>
                <![CDATA[{TestName=ErrorTextvalidation, MobileNumber=, Execute=yes, loginerror=Enter your email or mobile phone numbers update, SearchKeyword=, Browser=Edge, Password=}]]>
              </value>
            </param>
          </params>
          <exception class="java.lang.AssertionError">
            <message>
              <![CDATA[expected [Enter your email or mobile phone numbers update] but found [Enter your email or mobile phone number]]]>
            </message>
            <full-stacktrace>
              <![CDATA[java.lang.AssertionError: expected [Enter your email or mobile phone numbers update] but found [Enter your email or mobile phone number]
at org.testng.Assert.fail(Assert.java:99)
at org.testng.Assert.failNotEquals(Assert.java:1037)
at org.testng.Assert.assertEqualsImpl(Assert.java:140)
at org.testng.Assert.assertEquals(Assert.java:122)
at org.testng.Assert.assertEquals(Assert.java:629)
at org.testng.Assert.assertEquals(Assert.java:639)
at com.Argano.testcases.AmazonServices.ErrorTextvalidation(AmazonServices.java:46)
at java.base/jdk.internal.reflect.DirectMethodHandleAccessor.invoke(DirectMethodHandleAccessor.java:104)
at java.base/java.lang.reflect.Method.invoke(Method.java:577)
at org.testng.internal.MethodInvocationHelper.invokeMethod(MethodInvocationHelper.java:133)
at org.testng.internal.TestInvoker.invokeMethod(TestInvoker.java:598)
at org.testng.internal.TestInvoker.invokeTestMethod(TestInvoker.java:173)
at org.testng.internal.MethodRunner.runInSequence(MethodRunner.java:46)
at org.testng.internal.TestInvoker$MethodInvocationAgent.invoke(TestInvoker.java:824)
at org.testng.internal.TestInvoker.invokeTestMethods(TestInvoker.java:146)
at org.testng.internal.TestMethodWorker.invokeTestMethods(TestMethodWorker.java:146)
at org.testng.internal.TestMethodWorker.run(TestMethodWorker.java:128)
at java.base/java.util.ArrayList.forEach(ArrayList.java:1511)
at org.testng.TestRunner.privateRun(TestRunner.java:794)
at org.testng.TestRunner.run(TestRunner.java:596)
at org.testng.SuiteRunner.runTest(SuiteRunner.java:377)
at org.testng.SuiteRunner.runSequentially(SuiteRunner.java:371)
at org.testng.SuiteRunner.privateRun(SuiteRunner.java:332)
at org.testng.SuiteRunner.run(SuiteRunner.java:276)
at org.testng.SuiteRunnerWorker.runSuite(SuiteRunnerWorker.java:53)
at org.testng.SuiteRunnerWorker.run(SuiteRunnerWorker.java:96)
at org.testng.TestNG.runSuitesSequentially(TestNG.java:1212)
at org.testng.TestNG.runSuitesLocally(TestNG.java:1134)
at org.testng.TestNG.runSuites(TestNG.java:1063)
at org.testng.TestNG.run(TestNG.java:1031)
at org.apache.maven.surefire.testng.TestNGExecutor.run(TestNGExecutor.java:283)
at org.apache.maven.surefire.testng.TestNGXmlTestSuite.execute(TestNGXmlTestSuite.java:75)
at org.apache.maven.surefire.testng.TestNGProvider.invoke(TestNGProvider.java:120)
at org.apache.maven.surefire.booter.ForkedBooter.invokeProviderInSameClassLoader(ForkedBooter.java:384)
at org.apache.maven.surefire.booter.ForkedBooter.runSuitesInProcess(ForkedBooter.java:345)
at org.apache.maven.surefire.booter.ForkedBooter.execute(ForkedBooter.java:126)
at org.apache.maven.surefire.booter.ForkedBooter.main(ForkedBooter.java:418)
]]>
            </full-stacktrace>
          </exception> <!-- java.lang.AssertionError -->
          <reporter-output>
          </reporter-output>
        </test-method> <!-- ErrorTextvalidation -->
        <test-method is-config="true" signature="cleanUp([Ljava.lang.Object;)[pri:0, instance:com.Argano.testcases.AmazonServices@2f7298b]" started-at="2023-06-07T15:42:41 IST" name="cleanUp" finished-at="2023-06-07T15:42:42 IST" duration-ms="260" status="PASS">
          <params>
            <param index="0">
              <value>
                <![CDATA[[Ljava.lang.Object;@48cd319d]]>
              </value>
            </param>
          </params>
          <reporter-output>
          </reporter-output>
        </test-method> <!-- cleanUp -->
        <test-method is-config="true" signature="setUp([Ljava.lang.Object;)[pri:0, instance:com.Argano.testcases.AmazonServices@2f7298b]" started-at="2023-06-07T15:42:42 IST" name="setUp" finished-at="2023-06-07T15:42:44 IST" duration-ms="2628" status="PASS">
          <params>
            <param index="0">
              <value>
                <![CDATA[[Ljava.lang.Object;@6f38f084]]>
              </value>
            </param>
          </params>
          <reporter-output>
          </reporter-output>
        </test-method> <!-- setUp -->
        <test-method signature="SearchProductAndAddtoCart(java.util.Map)[pri:0, instance:com.Argano.testcases.AmazonServices@2f7298b]" started-at="2023-06-07T15:42:44 IST" name="SearchProductAndAddtoCart" description="test" data-provider="getData" finished-at="2023-06-07T15:43:02 IST" duration-ms="17569" status="PASS">
          <params>
            <param index="0">
              <value>
                <![CDATA[{TestName=SearchProductAndAddtoCart, MobileNumber=7418960263, Execute=yes, loginerror=, SearchKeyword=Iphone, Browser=Chrome, Password=Fenoy@2021}]]>
              </value>
            </param>
          </params>
          <reporter-output>
          </reporter-output>
        </test-method> <!-- SearchProductAndAddtoCart -->
        <test-method is-config="true" signature="cleanUp([Ljava.lang.Object;)[pri:0, instance:com.Argano.testcases.AmazonServices@2f7298b]" started-at="2023-06-07T15:43:02 IST" name="cleanUp" finished-at="2023-06-07T15:43:02 IST" duration-ms="180" status="PASS">
          <params>
            <param index="0">
              <value>
                <![CDATA[[Ljava.lang.Object;@6f38f084]]>
              </value>
            </param>
          </params>
          <reporter-output>
          </reporter-output>
        </test-method> <!-- cleanUp -->
        <test-method is-config="true" signature="setUp([Ljava.lang.Object;)[pri:0, instance:com.Argano.testcases.AmazonServices@2f7298b]" started-at="2023-06-07T15:43:02 IST" name="setUp" finished-at="2023-06-07T15:43:05 IST" duration-ms="2393" status="PASS">
          <params>
            <param index="0">
              <value>
                <![CDATA[[Ljava.lang.Object;@4ef18604]]>
              </value>
            </param>
          </params>
          <reporter-output>
          </reporter-output>
        </test-method> <!-- setUp -->
        <test-method signature="SearchProductAndAddtoCart(java.util.Map)[pri:0, instance:com.Argano.testcases.AmazonServices@2f7298b]" started-at="2023-06-07T15:43:05 IST" name="SearchProductAndAddtoCart" description="test" data-provider="getData" finished-at="2023-06-07T15:43:20 IST" duration-ms="15131" status="PASS">
          <params>
            <param index="0">
              <value>
                <![CDATA[{TestName=SearchProductAndAddtoCart, MobileNumber=7418960263, Execute=yes, loginerror=, SearchKeyword=Ipad, Browser=Chrome, Password=Fenoy@2021}]]>
              </value>
            </param>
          </params>
          <reporter-output>
          </reporter-output>
        </test-method> <!-- SearchProductAndAddtoCart -->
        <test-method is-config="true" signature="cleanUp([Ljava.lang.Object;)[pri:0, instance:com.Argano.testcases.AmazonServices@2f7298b]" started-at="2023-06-07T15:43:20 IST" name="cleanUp" finished-at="2023-06-07T15:43:20 IST" duration-ms="273" status="PASS">
          <params>
            <param index="0">
              <value>
                <![CDATA[[Ljava.lang.Object;@4ef18604]]>
              </value>
            </param>
          </params>
          <reporter-output>
          </reporter-output>
        </test-method> <!-- cleanUp -->
      </class> <!-- com.Argano.testcases.AmazonServices -->
    </test> <!-- Test -->
  </suite> <!-- Suite -->
</testng-results>
