<?xml version="1.0" encoding="UTF-8"?>
<testng-results ignored="0" total="3" passed="2" failed="1" skipped="0">
  <reporter-output>
  </reporter-output>
  <suite started-at="2023-05-19T18:18:10 IST" name="Suite" finished-at="2023-05-19T18:19:00 IST" duration-ms="49490">
    <groups>
    </groups>
    <test started-at="2023-05-19T18:18:10 IST" name="Test" finished-at="2023-05-19T18:19:00 IST" duration-ms="49490">
      <class name="com.Argano.testcases.AmazonServices">
        <test-method is-config="true" signature="setUp([Ljava.lang.Object;)[pri:0, instance:com.Argano.testcases.AmazonServices@2d3379b4]" started-at="2023-05-19T18:18:11 IST" name="setUp" finished-at="2023-05-19T18:18:15 IST" duration-ms="4622" status="PASS">
          <params>
            <param index="0">
              <value>
                <![CDATA[[Ljava.lang.Object;@6ad6443]]>
              </value>
            </param>
          </params>
          <reporter-output>
          </reporter-output>
        </test-method> <!-- setUp -->
        <test-method signature="ErrorTextvalidation(java.util.Map)[pri:0, instance:com.Argano.testcases.AmazonServices@2d3379b4]" started-at="2023-05-19T18:18:15 IST" name="ErrorTextvalidation" description="testing validtaion messages" data-provider="getData" finished-at="2023-05-19T18:18:17 IST" duration-ms="1068" status="FAIL">
          <params>
            <param index="0">
              <value>
                <![CDATA[{TestName=ErrorTextvalidation, MobileNumber=, Execute=yes, loginerror=Enter your email or mobile phone numbers update, SearchKeyword=, Browser=Chrome, Password=}]]>
              </value>
            </param>
          </params>
          <exception class="java.lang.AssertionError">
            <message>
              <![CDATA[expected [Enter your email or mobile phone numbers update] but found [Enter your email or mobile phone number]]]>
            </message>
            <full-stacktrace>
              <![CDATA[java.lang.AssertionError: expected [Enter your email or mobile phone numbers update] but found [Enter your email or mobile phone number]
at org.testng.Assert.fail(Assert.java:99)
at org.testng.Assert.failNotEquals(Assert.java:1037)
at org.testng.Assert.assertEqualsImpl(Assert.java:140)
at org.testng.Assert.assertEquals(Assert.java:122)
at org.testng.Assert.assertEquals(Assert.java:629)
at org.testng.Assert.assertEquals(Assert.java:639)
at com.Argano.testcases.AmazonServices.ErrorTextvalidation(AmazonServices.java:46)
at java.base/jdk.internal.reflect.DirectMethodHandleAccessor.invoke(DirectMethodHandleAccessor.java:104)
at java.base/java.lang.reflect.Method.invoke(Method.java:577)
at org.testng.internal.MethodInvocationHelper.invokeMethod(MethodInvocationHelper.java:133)
at org.testng.internal.TestInvoker.invokeMethod(TestInvoker.java:598)
at org.testng.internal.TestInvoker.invokeTestMethod(TestInvoker.java:173)
at org.testng.internal.MethodRunner.runInSequence(MethodRunner.java:46)
at org.testng.internal.TestInvoker$MethodInvocationAgent.invoke(TestInvoker.java:824)
at org.testng.internal.TestInvoker.invokeTestMethods(TestInvoker.java:146)
at org.testng.internal.TestMethodWorker.invokeTestMethods(TestMethodWorker.java:146)
at org.testng.internal.TestMethodWorker.run(TestMethodWorker.java:128)
at java.base/java.util.ArrayList.forEach(ArrayList.java:1511)
at org.testng.TestRunner.privateRun(TestRunner.java:794)
at org.testng.TestRunner.run(TestRunner.java:596)
at org.testng.SuiteRunner.runTest(SuiteRunner.java:377)
at org.testng.SuiteRunner.runSequentially(SuiteRunner.java:371)
at org.testng.SuiteRunner.privateRun(SuiteRunner.java:332)
at org.testng.SuiteRunner.run(SuiteRunner.java:276)
at org.testng.SuiteRunnerWorker.runSuite(SuiteRunnerWorker.java:53)
at org.testng.SuiteRunnerWorker.run(SuiteRunnerWorker.java:96)
at org.testng.TestNG.runSuitesSequentially(TestNG.java:1212)
at org.testng.TestNG.runSuitesLocally(TestNG.java:1134)
at org.testng.TestNG.runSuites(TestNG.java:1063)
at org.testng.TestNG.run(TestNG.java:1031)
at org.testng.remote.AbstractRemoteTestNG.run(AbstractRemoteTestNG.java:115)
at org.testng.remote.RemoteTestNG.initAndRun(RemoteTestNG.java:251)
at org.testng.remote.RemoteTestNG.main(RemoteTestNG.java:77)
]]>
            </full-stacktrace>
          </exception> <!-- java.lang.AssertionError -->
          <reporter-output>
          </reporter-output>
        </test-method> <!-- ErrorTextvalidation -->
        <test-method is-config="true" signature="cleanUp([Ljava.lang.Object;)[pri:0, instance:com.Argano.testcases.AmazonServices@2d3379b4]" started-at="2023-05-19T18:18:17 IST" name="cleanUp" finished-at="2023-05-19T18:18:17 IST" duration-ms="193" status="PASS">
          <params>
            <param index="0">
              <value>
                <![CDATA[[Ljava.lang.Object;@6ad6443]]>
              </value>
            </param>
          </params>
          <reporter-output>
          </reporter-output>
        </test-method> <!-- cleanUp -->
        <test-method is-config="true" signature="setUp([Ljava.lang.Object;)[pri:0, instance:com.Argano.testcases.AmazonServices@2d3379b4]" started-at="2023-05-19T18:18:17 IST" name="setUp" finished-at="2023-05-19T18:18:19 IST" duration-ms="2242" status="PASS">
          <params>
            <param index="0">
              <value>
                <![CDATA[[Ljava.lang.Object;@78b03788]]>
              </value>
            </param>
          </params>
          <reporter-output>
          </reporter-output>
        </test-method> <!-- setUp -->
        <test-method signature="SearchProductAndAddtoCart(java.util.Map)[pri:0, instance:com.Argano.testcases.AmazonServices@2d3379b4]" started-at="2023-05-19T18:18:19 IST" name="SearchProductAndAddtoCart" description="test" data-provider="getData" finished-at="2023-05-19T18:18:37 IST" duration-ms="17753" status="PASS">
          <params>
            <param index="0">
              <value>
                <![CDATA[{TestName=SearchProductAndAddtoCart, MobileNumber=7418960263, Execute=yes, loginerror=, SearchKeyword=Iphone, Browser=Chrome, Password=Fenoy@2021}]]>
              </value>
            </param>
          </params>
          <reporter-output>
          </reporter-output>
        </test-method> <!-- SearchProductAndAddtoCart -->
        <test-method is-config="true" signature="cleanUp([Ljava.lang.Object;)[pri:0, instance:com.Argano.testcases.AmazonServices@2d3379b4]" started-at="2023-05-19T18:18:37 IST" name="cleanUp" finished-at="2023-05-19T18:18:37 IST" duration-ms="182" status="PASS">
          <params>
            <param index="0">
              <value>
                <![CDATA[[Ljava.lang.Object;@78b03788]]>
              </value>
            </param>
          </params>
          <reporter-output>
          </reporter-output>
        </test-method> <!-- cleanUp -->
        <test-method is-config="true" signature="setUp([Ljava.lang.Object;)[pri:0, instance:com.Argano.testcases.AmazonServices@2d3379b4]" started-at="2023-05-19T18:18:37 IST" name="setUp" finished-at="2023-05-19T18:18:42 IST" duration-ms="4993" status="PASS">
          <params>
            <param index="0">
              <value>
                <![CDATA[[Ljava.lang.Object;@3f5dfe69]]>
              </value>
            </param>
          </params>
          <reporter-output>
          </reporter-output>
        </test-method> <!-- setUp -->
        <test-method signature="SearchProductAndAddtoCart(java.util.Map)[pri:0, instance:com.Argano.testcases.AmazonServices@2d3379b4]" started-at="2023-05-19T18:18:42 IST" name="SearchProductAndAddtoCart" description="test" data-provider="getData" finished-at="2023-05-19T18:18:59 IST" duration-ms="17134" status="PASS">
          <params>
            <param index="0">
              <value>
                <![CDATA[{TestName=SearchProductAndAddtoCart, MobileNumber=7418960263, Execute=yes, loginerror=, SearchKeyword=Ipad, Browser=Edge, Password=Fenoy@2021}]]>
              </value>
            </param>
          </params>
          <reporter-output>
          </reporter-output>
        </test-method> <!-- SearchProductAndAddtoCart -->
        <test-method is-config="true" signature="cleanUp([Ljava.lang.Object;)[pri:0, instance:com.Argano.testcases.AmazonServices@2d3379b4]" started-at="2023-05-19T18:19:00 IST" name="cleanUp" finished-at="2023-05-19T18:19:00 IST" duration-ms="273" status="PASS">
          <params>
            <param index="0">
              <value>
                <![CDATA[[Ljava.lang.Object;@3f5dfe69]]>
              </value>
            </param>
          </params>
          <reporter-output>
          </reporter-output>
        </test-method> <!-- cleanUp -->
      </class> <!-- com.Argano.testcases.AmazonServices -->
    </test> <!-- Test -->
  </suite> <!-- Suite -->
</testng-results>
